0 0.248144 2.07329 1.3411 7.43115 2.16126 100
10000 0.238021 1.77221 1.23997 7.45207 2.16993 100
20000 0.238572 1.84125 0.754369 7.42946 2.25732 100
30000 0.240861 1.61591 0.438068 7.49523 2.15374 100
40000 0.241501 1.56442 0.45457 6.6051 2.13618 100
50000 0.236751 1.68294 0.457482 6.58789 2.21642 100
60000 0.240821 1.58952 0.450846 6.65761 2.14032 100
70000 0.240859 1.24413 0.396567 6.65921 1.91741 100
80000 0.239869 1.57009 0.449556 6.6261 2.13791 100
90000 0.241692 1.51413 0.418123 7.01521 2.12698 100
100000 0.238823 1.44553 0.421239 6.62995 2.08628 100
110000 0.241276 1.66606 0.456124 6.62007 2.19563 100
120000 0.236932 1.56022 0.432158 6.59942 2.1591 100
130000 0.239249 1.5804 0.472822 6.6187 2.10125 100
140000 0.24108 1.45835 0.447833 6.62031 2.03887 100
150000 0.23822 1.6714 0.469713 6.60644 2.19686 100
160000 0.24022 1.51268 0.467419 6.62256 2.05559 100
170000 0.240645 1.42662 0.419333 6.61926 2.0614 100
180000 0.24298 1.46779 0.434998 6.65086 2.06184 100
190000 0.24145 1.51011 0.424206 6.59673 2.14715 100
200000 0.239289 1.57255 0.496422 6.60709 2.08719 100
210000 0.241377 1.47456 0.427706 6.62747 2.10275 100
220000 0.24126 1.34932 0.416734 6.63382 2.00657 100
230000 0.237699 1.50502 0.438072 6.61431 2.09145 100
240000 0.242649 1.67748 0.503531 6.62408 2.1849 100
250000 0.238037 1.63242 0.451652 6.63304 2.17345 100
260000 0.241522 1.39324 0.406267 6.59078 2.03813 100
270000 0.238076 1.55915 0.439272 6.57485 2.1365 100
280000 0.241911 1.49186 0.44992 6.60542 2.06167 100
290000 0.242428 1.64968 0.451332 6.60606 2.22147 100
300000 0.243364 1.64276 0.460122 6.60901 2.20807 100
310000 0.237056 1.31549 0.412319 6.61135 2.01204 100
320000 0.239519 1.4461 0.42127 6.6344 2.07543 100
330000 0.239807 1.46967 0.43951 6.63199 2.03999 100
340000 0.238416 1.67144 0.488537 6.56187 2.18087 100
350000 0.240295 1.72425 0.467541 6.60534 2.26961 100
360000 0.238641 1.61786 0.471944 6.61169 2.14264 100
370000 0.242125 1.37981 0.425475 6.62638 1.97136 100
380000 0.237831 1.71682 0.492907 6.62295 2.23441 100
390000 0.237345 1.63297 0.481595 6.61123 2.15781 100
400000 0.243352 1.53108 0.450683 6.66294 2.09623 100
410000 0.242713 1.54082 0.443565 6.63034 2.13326 100
420000 0.239748 1.39357 0.420026 6.61482 2.05259 100
430000 0.238011 1.54679 0.447565 6.57699 2.09254 100
440000 0.241176 1.53178 0.466848 6.5903 2.07216 100
450000 0.241236 1.46799 0.42863 6.59776 2.0784 100
460000 0.239578 1.62555 0.48307 6.58245 2.15136 100
470000 0.242304 1.69569 0.488265 6.59774 2.21169 100
480000 0.243212 1.35955 0.430825 6.61225 1.94935 100
490000 0.243664 1.44912 0.426207 6.60199 2.07063 100
