0 1.89727 5.18892 5.15327 9.4683 1.24218 100
10000 1.76848 5.01748 4.976 9.08727 1.27146 100
20000 1.75555 5.08599 5.06091 9.07815 1.20174 100
30000 1.82609 5.08091 5.03742 9.32855 1.25077 100
40000 1.67412 5.1798 5.08724 8.86391 1.31346 100
50000 1.76055 5.10758 5.08661 9.26915 1.23664 100
60000 1.61718 5.08717 5.06503 9.15506 1.25907 100
70000 1.57879 5.17572 5.20039 8.98824 1.20959 100
80000 1.5907 5.16085 5.16961 8.68103 1.20389 100
90000 1.62306 5.24329 5.21624 9.25961 1.28547 100
100000 1.9083 5.11004 5.08136 8.8503 1.21638 100
110000 1.75173 5.18613 5.17255 9.78809 1.2994 100
120000 1.65358 5.08558 5.04836 9.07788 1.18142 100
130000 1.87321 5.1558 5.14276 9.59427 1.263 100
140000 1.73245 5.00519 4.92397 9.31748 1.25654 100
150000 1.71636 5.08803 5.07076 9.34488 1.15951 100
160000 1.73933 5.22116 5.21145 9.62121 1.22951 100
170000 1.60709 4.87704 4.7847 9.17333 1.18422 100
180000 1.53588 5.18827 5.19145 9.10915 1.23501 100
190000 2.0117 5.02565 4.99012 9.25142 1.13311 100
200000 1.83867 5.10716 5.06048 9.04412 1.26712 100
210000 1.60442 5.1327 5.12248 9.27312 1.24685 100
220000 1.63997 5.08337 5.04539 8.88482 1.11827 100
230000 1.72821 5.02039 4.951 9.6373 1.23029 100
240000 1.78052 5.02082 4.9623 9.6557 1.23764 100
250000 1.65409 4.96034 4.91939 8.89024 1.207 100
260000 1.75276 5.07251 5.02161 9.21173 1.27908 100
270000 1.8197 5.03242 5.01533 9.02236 1.20049 100
280000 1.88036 5.08578 5.04312 9.41482 1.23237 100
290000 1.436 4.90786 4.86376 8.82948 1.23907 100
300000 1.73848 5.09871 5.0117 9.29003 1.30961 100
310000 1.96752 5.08252 4.9537 9.09594 1.28573 100
320000 1.46994 4.89187 4.80906 9.26664 1.22613 100
330000 1.6127 4.97396 4.96782 8.94261 1.20125 100
340000 1.62248 4.89499 4.80915 9.01764 1.27879 100
350000 1.62252 5.0167 4.97745 8.89815 1.16479 100
360000 1.87288 5.00823 4.94824 8.78452 1.21414 100
370000 1.82609 5.04628 4.99918 9.14455 1.26372 100
380000 1.72973 5.2004 5.14382 9.08397 1.23955 100
390000 1.66491 4.98296 4.94248 8.97558 1.13417 100
400000 1.85836 5.10652 5.07167 9.08952 1.24603 100
410000 1.94542 4.95347 4.89006 8.70488 1.12276 100
420000 1.74842 5.15649 5.15676 9.24312 1.23349 100
430000 1.69939 5.08915 5.04433 9.06136 1.25758 100
440000 1.83079 5.06486 5.05379 8.55512 1.19292 100
450000 1.51188 5.10024 5.08509 9.21903 1.25832 100
460000 1.70642 5.05074 4.99512 8.77458 1.1945 100
470000 1.75588 4.92805 4.85988 9.01497 1.27948 100
480000 1.66979 5.01709 5.01303 8.81467 1.21075 100
