0 1.642 4.02283 3.08918 15.6666 2.47935 100
10000 1.59364 3.54711 2.66282 18.0202 2.36828 100
20000 1.60091 4.3754 2.91182 23.6618 3.36726 100
30000 1.57945 3.73286 2.88336 13.4548 2.1193 100
40000 1.60973 3.49897 2.46718 20.1255 2.45799 100
50000 1.65718 3.97161 3.172 17.7802 2.58532 100
60000 1.63127 3.89777 3.15782 15.8624 2.29172 100
70000 1.61036 4.07398 2.76755 20.2523 3.17543 100
80000 1.55655 4.09586 3.11409 17.6315 2.71433 100
90000 1.60182 3.75563 3.10718 13.7186 2.25804 100
100000 1.61127 3.58196 3.00227 13.3695 1.85468 100
110000 1.61364 3.87154 2.87255 14.5483 2.41445 100
120000 1.64027 4.57266 3.05318 23.8824 3.90931 100
130000 1.58064 5.15656 4.37227 19.4905 3.09237 100
140000 1.632 3.87023 3.18755 15.1768 2.24017 100
150000 1.59827 3.81976 2.98755 16.0763 2.47477 100
160000 1.65855 3.99311 3.04209 14.0385 2.31577 100
170000 1.59036 3.81839 2.58364 21.4008 2.88575 100
180000 1.653 3.73126 2.73464 20.172 2.56685 100
190000 1.602 4.0381 2.69927 20.3194 3.15131 100
200000 1.64936 5.00025 3.76945 18.1235 3.28354 100
210000 1.63064 4.29232 3.537 13.0424 2.36321 100
220000 1.60673 3.72549 3.09745 13.9775 2.07709 100
230000 1.62173 3.61538 3.208 10.4358 1.54968 100
240000 1.60709 4.31133 3.194 18.3675 2.92268 100
250000 1.61791 4.35625 3.108 20.1876 3.32532 100
260000 1.65691 4.18416 3.12809 20.3215 3.12671 100
270000 1.63382 4.26491 3.23536 21.1701 2.81279 100
280000 1.61391 3.95348 2.97882 21.8442 2.61746 100
290000 1.62582 3.94625 2.87064 17.3217 2.61291 100
300000 1.61427 3.45782 2.71718 16.1411 2.10795 100
310000 1.57727 3.79021 3.06573 14.0568 2.08644 100
320000 1.64918 3.94935 3.61182 10.4621 1.75244 100
330000 1.55373 4.07875 3.16364 16.7958 2.62533 100
340000 1.63291 4.17332 3.37773 15.7239 2.32096 100
350000 1.64309 3.48919 2.87009 10.6278 1.75561 100
360000 1.60727 4.88108 3.63936 23.6541 3.72176 100
370000 1.58809 3.61055 2.955 13.7796 2.25219 100
380000 1.57845 3.34618 2.44436 14.2446 1.88497 100
390000 1.61809 3.12386 2.50909 14.6558 1.79576 100
400000 1.57818 4.39787 3.09445 21.4833 3.4565 100
410000 1.60891 3.63254 3.07318 11.4811 1.87422 100
420000 1.62264 4.26685 3.121 13.6145 2.58614 100
430000 1.60809 4.14368 2.95173 21.1935 2.98651 100
440000 1.61309 4.46842 3.70391 15.1419 2.66374 100
450000 1.56127 4.11656 3.07836 21.5864 3.04091 100
460000 1.65609 4.40259 2.90345 18.5127 3.14832 100
470000 1.64327 4.50579 3.19627 25.4446 3.7775 100
480000 1.63536 3.99569 2.95109 18.5186 2.71065 100
