0 1.29297 5.55493 5.57291 9.06494 1.11469 100
10000 1.92715 5.49157 5.52082 8.84655 1.05172 100
20000 1.96 5.38577 5.42118 9.10658 1.14729 100
30000 2.03597 5.53513 5.58809 8.87076 1.05402 100
40000 1.88021 5.43154 5.52382 8.45548 1.02789 100
50000 1.98839 5.3931 5.4397 8.77694 1.02284 100
60000 1.72315 5.26187 5.27745 8.26933 1.09994 100
70000 2.04261 5.60329 5.61958 8.94258 1.05242 100
80000 1.69279 5.36785 5.36855 8.74161 1.05128 100
90000 1.96918 5.38319 5.43203 8.81255 1.11315 100
100000 2.08664 5.23976 5.24227 8.86555 1.07055 100
110000 1.98173 5.55272 5.60461 9.01064 1.07318 100
120000 1.84855 5.44143 5.467 8.61212 1.05755 100
130000 2.09764 5.38634 5.43127 8.66752 1.04633 100
140000 1.76903 5.38138 5.42727 8.63179 1.08866 100
150000 1.59488 5.39727 5.46658 9.08773 1.12 100
160000 1.88176 5.56685 5.615 8.64161 1.04677 100
170000 2.05473 5.54601 5.57415 8.95703 1.07374 100
180000 1.78406 5.42207 5.44227 8.75152 1.03939 100
190000 2.19639 5.28654 5.32691 8.39176 1.0255 100
200000 1.53058 5.47681 5.50815 9.01191 1.08825 100
210000 2.05382 5.58131 5.58009 8.97594 1.03534 100
220000 1.97015 5.47975 5.50761 8.71358 1.0448 100
230000 1.44858 5.58502 5.58967 8.7933 1.07811 100
240000 2.42142 5.4366 5.42891 8.81418 1.06196 100
250000 1.87748 5.46816 5.50488 8.68439 1.07082 100
260000 1.86918 5.42528 5.44745 8.64882 1.08728 100
270000 2.02245 5.43218 5.45921 8.89467 1.05729 100
280000 1.61148 5.36232 5.35188 9.24573 1.16222 100
290000 1.21909 5.51405 5.50791 9.16358 1.0561 100
300000 1.91164 5.58434 5.63121 8.53752 0.994968 100
310000 1.97055 5.38732 5.45779 8.71236 1.06951 100
320000 2.06312 5.67735 5.73221 8.52682 1.06099 100
330000 1.58385 5.4464 5.47024 9.17906 1.13179 100
340000 2.10224 5.42441 5.44939 8.824 1.04504 100
350000 2.26036 5.37618 5.39215 9.2247 1.02901 100
360000 1.59464 5.39057 5.425 8.38906 1.12657 100
370000 1.92418 5.32967 5.39027 8.78182 1.0685 100
380000 1.82591 5.39999 5.41139 8.7413 1.10656 100
390000 2.24776 5.42769 5.45658 9.04255 0.996919 100
400000 1.66852 5.47562 5.51724 8.87882 1.06531 100
410000 1.66509 5.46458 5.529 9.15333 1.1164 100
420000 2.30397 5.34036 5.33542 8.84515 1.06762 100
430000 1.69361 5.33275 5.34379 8.86164 1.10777 100
440000 1.7083 5.39928 5.4 9.15039 1.03901 100
450000 1.87655 5.49147 5.52406 8.36667 1.05378 100
460000 1.48191 5.35632 5.37233 8.65076 1.02211 100
470000 1.63582 5.2938 5.2947 8.644 1.10022 100
480000 2.13015 5.49474 5.49761 9.28891 1.08156 100
