0 1.95836 4.63576 3.509 17.965 2.63919 100
10000 1.95073 5.26012 3.99573 31.4723 4.18431 100
20000 1.99291 4.79326 3.75245 18.0947 2.78414 100
30000 1.993 5.52532 3.67573 30.2824 4.50214 100
40000 1.984 5.11251 3.63027 34.0725 3.90428 100
50000 1.94945 4.45747 3.66491 18.506 2.46038 100
60000 1.96373 4.82709 3.511 30.1482 3.93583 100
70000 1.93582 3.71954 3.11136 17.3826 1.83973 100
80000 1.92255 5.23347 3.348 34.8579 4.55306 100
90000 1.99182 4.13985 3.52991 17.0613 2.0455 100
100000 1.93318 4.53178 3.85945 15.0635 2.14086 100
110000 1.87627 5.02114 3.71764 26.5228 3.30911 100
120000 1.96027 5.08298 3.84173 23.3027 3.23863 100
130000 1.97191 4.50671 3.15527 24.5462 3.38665 100
140000 1.96573 4.02206 3.37318 18.2929 2.13062 100
150000 1.944 4.26954 3.44836 18.6829 2.29446 100
160000 1.93664 4.20222 3.33173 19.8693 2.51771 100
170000 2.00264 4.29878 3.51618 30.018 3.60726 100
180000 1.98136 5.1675 3.55027 25.1905 3.72131 100
190000 1.96682 4.47218 3.37136 18.1964 2.75457 100
200000 1.971 4.5933 3.68318 16.6312 2.39736 100
210000 2.00218 4.96081 3.85709 18.6459 2.77513 100
220000 1.95273 4.62118 3.67809 20.0331 2.70808 100
230000 1.93873 4.76524 3.52145 25.0239 3.20933 100
240000 1.94264 4.11829 3.36718 16.8964 2.24057 100
250000 2.00273 5.02672 4.01309 19.2495 2.81805 100
260000 1.88336 4.09712 3.53082 13.6815 1.73406 100
270000 1.96873 4.48754 3.453 17.6441 2.53954 100
280000 1.97927 4.62856 3.94218 14.6185 2.19006 100
290000 1.93909 4.23765 3.366 20.3325 2.45813 100
300000 1.92909 4.19486 3.45645 19.2603 2.36654 100
310000 2.00136 4.81166 3.581 20.043 2.89205 100
320000 1.99036 4.36959 3.34845 17.5455 2.65302 100
330000 1.93591 5.06357 3.87982 24.4738 3.27767 100
340000 2.02682 5.1025 3.78564 19.0321 3.12706 100
350000 1.92309 4.76694 3.74245 23.2585 2.96162 100
360000 1.91745 4.51896 3.31745 18.3995 2.8122 100
370000 1.942 5.09509 4.01055 27.4008 3.39805 100
380000 1.894 4.73609 3.64827 21.5116 2.87398 100
390000 1.96327 4.62151 3.76882 21.7236 2.80082 100
400000 1.97409 4.61138 3.39227 19.4833 2.90635 100
410000 1.95382 5.41623 3.915 23.7533 3.52754 100
420000 1.99073 4.33665 3.39373 15.6633 2.20332 100
430000 2.001 4.70455 3.80164 24.7198 3.113 100
440000 2.00418 4.77895 3.59982 20.8674 3.09644 100
450000 1.97145 5.06447 3.37927 35.0783 4.46795 100
460000 1.95327 4.16174 3.47545 19.3062 2.17756 100
470000 2.01727 4.58257 3.66173 21.5261 2.66832 100
480000 1.96509 4.85557 3.647 25.4645 3.15266 100
