0 0.18807 1.45844 1.06968 4.79101 1.18205 100
10000 0.181918 1.43504 1.0576 4.81333 1.1791 100
20000 0.18226 1.44791 1.04198 4.79036 1.18552 100
30000 0.182212 1.46029 1.07703 4.90521 1.18903 100
40000 0.183301 1.43802 1.0437 4.88066 1.19086 100
50000 0.187631 1.43858 1.04244 4.84488 1.18432 100
60000 0.182418 1.46975 1.07352 4.85322 1.19082 100
70000 0.186586 1.44227 1.04636 4.83534 1.18643 100
80000 0.181988 1.44993 1.04687 4.84474 1.18396 100
90000 0.181762 1.44718 1.04468 4.82212 1.19255 100
100000 0.184658 1.44668 1.05333 4.79172 1.18635 100
110000 0.186161 1.43024 1.04185 4.84189 1.18231 100
120000 0.18655 1.44845 1.04332 4.89638 1.18323 100
130000 0.185827 1.44443 1.05132 4.80385 1.1823 100
140000 0.18251 1.43596 1.03415 4.89951 1.18665 100
150000 0.187362 1.44971 1.06404 4.86479 1.17949 100
160000 0.184542 1.43556 1.0327 4.78488 1.18613 100
170000 0.18329 1.44988 1.06144 4.79745 1.1859 100
180000 0.185733 1.45394 1.05435 4.87354 1.19202 100
190000 0.185984 1.44804 1.0477 4.88724 1.18872 100
200000 0.183748 1.44214 1.05059 4.84906 1.18258 100
210000 0.1847 1.455 1.0509 4.89586 1.18599 100
220000 0.187372 1.43146 1.04414 4.82005 1.18174 100
230000 0.182529 1.45781 1.06338 4.8154 1.19008 100
240000 0.182997 1.45092 1.06042 4.775 1.18217 100
250000 0.177956 1.46143 1.0647 4.85215 1.19012 100
260000 0.18443 1.4547 1.04671 4.90189 1.18955 100
270000 0.18172 1.44872 1.05185 4.8209 1.18524 100
280000 0.17889 1.45814 1.05637 4.80623 1.19382 100
290000 0.182421 1.44624 1.06173 4.80621 1.17667 100
300000 0.183209 1.45147 1.05732 4.90963 1.1877 100
310000 0.183013 1.45441 1.06763 4.79843 1.18936 100
320000 0.185325 1.45267 1.08133 4.77432 1.18328 100
330000 0.182813 1.45235 1.03215 4.75442 1.18941 100
340000 0.182448 1.42395 1.02523 4.85192 1.18114 100
350000 0.186126 1.42897 1.01417 4.81797 1.18182 100
360000 0.183333 1.45087 1.06639 4.79451 1.18117 100
370000 0.182412 1.44497 1.05227 4.82347 1.18729 100
380000 0.185769 1.44971 1.05955 4.83008 1.19284 100
390000 0.184787 1.43841 1.04921 4.79007 1.17857 100
400000 0.184805 1.44486 1.04095 4.84405 1.18859 100
410000 0.185865 1.45012 1.04676 4.81795 1.18567 100
420000 0.181617 1.45184 1.05426 4.86484 1.18441 100
430000 0.183782 1.44775 1.05056 4.81433 1.18538 100
440000 0.18352 1.43747 1.03579 4.86441 1.18688 100
450000 0.186421 1.43246 1.04898 4.77013 1.17452 100
460000 0.185765 1.44202 1.03322 4.91358 1.17926 100
470000 0.185061 1.43584 1.03373 4.78887 1.18838 100
480000 0.185057 1.44613 1.05629 4.82953 1.19146 100
490000 0.183683 1.44294 1.04817 4.78039 1.18377 100
